Copyright 1986-2017 Xilinx, Inc. All Rights Reserved.
-------------------------------------------------------------------------------------------------------------------------------------------------------------------------------
| Tool Version : Vivado v.2017.4 (win64) Build 2086221 Fri Dec 15 20:55:39 MST 2017
| Date         : Sat Sep 24 17:07:14 2022
| Host         : DESKTOP-3I9R82P running 64-bit major release  (build 9200)
| Command      : report_timing_summary -max_paths 10 -file controladorSemaforo_timing_summary_routed.rpt -rpx controladorSemaforo_timing_summary_routed.rpx -warn_on_violation
| Design       : controladorSemaforo
| Device       : 7a35t-cpg236
| Speed File   : -1  PRODUCTION 1.20 2017-11-01
-------------------------------------------------------------------------------------------------------------------------------------------------------------------------------

Timing Summary Report

------------------------------------------------------------------------------------------------
| Timer Settings
| --------------
------------------------------------------------------------------------------------------------

  Enable Multi Corner Analysis               :  Yes
  Enable Pessimism Removal                   :  Yes
  Pessimism Removal Resolution               :  Nearest Common Node
  Enable Input Delay Default Clock           :  No
  Enable Preset / Clear Arcs                 :  No
  Disable Flight Delays                      :  No
  Ignore I/O Paths                           :  No
  Timing Early Launch at Borrowing Latches   :  false

  Corner  Analyze    Analyze    
  Name    Max Paths  Min Paths  
  ------  ---------  ---------  
  Slow    Yes        Yes        
  Fast    Yes        Yes        



check_timing report

Table of Contents
-----------------
1. checking no_clock
2. checking constant_clock
3. checking pulse_width_clock
4. checking unconstrained_internal_endpoints
5. checking no_input_delay
6. checking no_output_delay
7. checking multiple_clock
8. checking generated_clocks
9. checking loops
10. checking partial_input_delay
11. checking partial_output_delay
12. checking latch_loops

1. checking no_clock
--------------------
 There are 0 register/latch pins with no clock.


2. checking constant_clock
--------------------------
 There are 0 register/latch pins with constant_clock.


3. checking pulse_width_clock
-----------------------------
 There are 0 register/latch pins which need pulse_width check


4. checking unconstrained_internal_endpoints
--------------------------------------------
 There are 0 pins that are not constrained for maximum delay.

 There are 0 pins that are not constrained for maximum delay due to constant clock.


5. checking no_input_delay
--------------------------
 There is 1 input port with no input delay specified. (HIGH)

 There are 0 input ports with no input delay but user has a false path constraint.


6. checking no_output_delay
---------------------------
 There are 7 ports with no output delay specified. (HIGH)

 There are 0 ports with no output delay but user has a false path constraint

 There are 0 ports with no output delay but with a timing clock defined on it or propagating through it


7. checking multiple_clock
--------------------------
 There are 0 register/latch pins with multiple clocks.


8. checking generated_clocks
----------------------------
 There are 0 generated clocks that are not connected to a clock source.


9. checking loops
-----------------
 There are 0 combinational loops in the design.


10. checking partial_input_delay
--------------------------------
 There are 0 input ports with partial input delay specified.


11. checking partial_output_delay
---------------------------------
 There are 0 ports with partial output delay specified.


12. checking latch_loops
------------------------
 There are 0 combinational latch loops in the design through latch input



------------------------------------------------------------------------------------------------
| Design Timing Summary
| ---------------------
------------------------------------------------------------------------------------------------

    WNS(ns)      TNS(ns)  TNS Failing Endpoints  TNS Total Endpoints      WHS(ns)      THS(ns)  THS Failing Endpoints  THS Total Endpoints     WPWS(ns)     TPWS(ns)  TPWS Failing Endpoints  TPWS Total Endpoints  
    -------      -------  ---------------------  -------------------      -------      -------  ---------------------  -------------------     --------     --------  ----------------------  --------------------  
      3.743        0.000                      0                  121        0.261        0.000                      0                  121        4.500        0.000                       0                    65  


All user specified timing constraints are met.


------------------------------------------------------------------------------------------------
| Clock Summary
| -------------
------------------------------------------------------------------------------------------------

Clock        Waveform(ns)       Period(ns)      Frequency(MHz)
-----        ------------       ----------      --------------
sys_clk_pin  {0.000 5.000}      10.000          100.000         


------------------------------------------------------------------------------------------------
| Intra Clock Table
| -----------------
------------------------------------------------------------------------------------------------

Clock             WNS(ns)      TNS(ns)  TNS Failing Endpoints  TNS Total Endpoints      WHS(ns)      THS(ns)  THS Failing Endpoints  THS Total Endpoints     WPWS(ns)     TPWS(ns)  TPWS Failing Endpoints  TPWS Total Endpoints  
-----             -------      -------  ---------------------  -------------------      -------      -------  ---------------------  -------------------     --------     --------  ----------------------  --------------------  
sys_clk_pin         3.743        0.000                      0                  121        0.261        0.000                      0                  121        4.500        0.000                       0                    65  


------------------------------------------------------------------------------------------------
| Inter Clock Table
| -----------------
------------------------------------------------------------------------------------------------

From Clock    To Clock          WNS(ns)      TNS(ns)  TNS Failing Endpoints  TNS Total Endpoints      WHS(ns)      THS(ns)  THS Failing Endpoints  THS Total Endpoints  
----------    --------          -------      -------  ---------------------  -------------------      -------      -------  ---------------------  -------------------  


------------------------------------------------------------------------------------------------
| Other Path Groups Table
| -----------------------
------------------------------------------------------------------------------------------------

Path Group    From Clock    To Clock          WNS(ns)      TNS(ns)  TNS Failing Endpoints  TNS Total Endpoints      WHS(ns)      THS(ns)  THS Failing Endpoints  THS Total Endpoints  
----------    ----------    --------          -------      -------  ---------------------  -------------------      -------      -------  ---------------------  -------------------  


------------------------------------------------------------------------------------------------
| Timing Details
| --------------
------------------------------------------------------------------------------------------------


---------------------------------------------------------------------------------------------------
From Clock:  sys_clk_pin
  To Clock:  sys_clk_pin

Setup :            0  Failing Endpoints,  Worst Slack        3.743ns,  Total Violation        0.000ns
Hold  :            0  Failing Endpoints,  Worst Slack        0.261ns,  Total Violation        0.000ns
PW    :            0  Failing Endpoints,  Worst Slack        4.500ns,  Total Violation        0.000ns
---------------------------------------------------------------------------------------------------


Max Delay Paths
--------------------------------------------------------------------------------------
Slack (MET) :             3.743ns  (required time - arrival time)
  Source:                 Clock_curto/counter_reg[0]/C
                            (rising edge-triggered cell FDRE clocked by sys_clk_pin  {rise@0.000ns fall@5.000ns period=10.000ns})
  Destination:            Clock_curto/Ts_reg/R
                            (rising edge-triggered cell FDRE clocked by sys_clk_pin  {rise@0.000ns fall@5.000ns period=10.000ns})
  Path Group:             sys_clk_pin
  Path Type:              Setup (Max at Slow Process Corner)
  Requirement:            10.000ns  (sys_clk_pin rise@10.000ns - sys_clk_pin rise@0.000ns)
  Data Path Delay:        5.766ns  (logic 1.056ns (18.314%)  route 4.710ns (81.686%))
  Logic Levels:           3  (LUT3=1 LUT4=1 LUT6=1)
  Clock Path Skew:        -0.027ns (DCD - SCD + CPR)
    Destination Clock Delay (DCD):    4.858ns = ( 14.858 - 10.000 ) 
    Source Clock Delay      (SCD):    5.159ns
    Clock Pessimism Removal (CPR):    0.274ns
  Clock Uncertainty:      0.035ns  ((TSJ^2 + TIJ^2)^1/2 + DJ) / 2 + PE
    Total System Jitter     (TSJ):    0.071ns
    Total Input Jitter      (TIJ):    0.000ns
    Discrete Jitter          (DJ):    0.000ns
    Phase Error              (PE):    0.000ns

    Location             Delay type                Incr(ns)  Path(ns)    Netlist Resource(s)
  -------------------------------------------------------------------    -------------------
                         (clock sys_clk_pin rise edge)
                                                      0.000     0.000 r  
    W5                                                0.000     0.000 r  CLK (IN)
                         net (fo=0)                   0.000     0.000    CLK
    W5                   IBUF (Prop_ibuf_I_O)         1.458     1.458 r  CLK_IBUF_inst/O
                         net (fo=1, routed)           1.967     3.425    CLK_IBUF
    BUFGCTRL_X0Y0        BUFG (Prop_bufg_I_O)         0.096     3.521 r  CLK_IBUF_BUFG_inst/O
                         net (fo=64, routed)          1.638     5.159    Clock_curto/CLK_IBUF_BUFG
    SLICE_X0Y3           FDRE                                         r  Clock_curto/counter_reg[0]/C
  -------------------------------------------------------------------    -------------------
    SLICE_X0Y3           FDRE (Prop_fdre_C_Q)         0.456     5.615 f  Clock_curto/counter_reg[0]/Q
                         net (fo=3, routed)           1.713     7.328    Clock_curto/counter[0]
    SLICE_X0Y3           LUT4 (Prop_lut4_I1_O)        0.150     7.478 f  Clock_curto/counter[27]_i_8/O
                         net (fo=1, routed)           0.936     8.414    Clock_curto/counter[27]_i_8_n_0
    SLICE_X0Y8           LUT6 (Prop_lut6_I5_O)        0.326     8.740 f  Clock_curto/counter[27]_i_4/O
                         net (fo=2, routed)           1.104     9.844    Clock_curto/counter[27]_i_4_n_0
    SLICE_X0Y4           LUT3 (Prop_lut3_I2_O)        0.124     9.968 r  Clock_curto/counter[27]_i_1/O
                         net (fo=28, routed)          0.957    10.925    Clock_curto/counter[27]_i_1_n_0
    SLICE_X0Y9           FDRE                                         r  Clock_curto/Ts_reg/R
  -------------------------------------------------------------------    -------------------

                         (clock sys_clk_pin rise edge)
                                                     10.000    10.000 r  
    W5                                                0.000    10.000 r  CLK (IN)
                         net (fo=0)                   0.000    10.000    CLK
    W5                   IBUF (Prop_ibuf_I_O)         1.388    11.388 r  CLK_IBUF_inst/O
                         net (fo=1, routed)           1.862    13.250    CLK_IBUF
    BUFGCTRL_X0Y0        BUFG (Prop_bufg_I_O)         0.091    13.341 r  CLK_IBUF_BUFG_inst/O
                         net (fo=64, routed)          1.517    14.858    Clock_curto/CLK_IBUF_BUFG
    SLICE_X0Y9           FDRE                                         r  Clock_curto/Ts_reg/C
                         clock pessimism              0.274    15.132    
                         clock uncertainty           -0.035    15.097    
    SLICE_X0Y9           FDRE (Setup_fdre_C_R)       -0.429    14.668    Clock_curto/Ts_reg
  -------------------------------------------------------------------
                         required time                         14.668    
                         arrival time                         -10.925    
  -------------------------------------------------------------------
                         slack                                  3.743    

Slack (MET) :             3.747ns  (required time - arrival time)
  Source:                 Clock_curto/counter_reg[0]/C
                            (rising edge-triggered cell FDRE clocked by sys_clk_pin  {rise@0.000ns fall@5.000ns period=10.000ns})
  Destination:            Clock_curto/counter_reg[25]/R
                            (rising edge-triggered cell FDRE clocked by sys_clk_pin  {rise@0.000ns fall@5.000ns period=10.000ns})
  Path Group:             sys_clk_pin
  Path Type:              Setup (Max at Slow Process Corner)
  Requirement:            10.000ns  (sys_clk_pin rise@10.000ns - sys_clk_pin rise@0.000ns)
  Data Path Delay:        5.762ns  (logic 1.056ns (18.328%)  route 4.706ns (81.672%))
  Logic Levels:           3  (LUT3=1 LUT4=1 LUT6=1)
  Clock Path Skew:        -0.027ns (DCD - SCD + CPR)
    Destination Clock Delay (DCD):    4.858ns = ( 14.858 - 10.000 ) 
    Source Clock Delay      (SCD):    5.159ns
    Clock Pessimism Removal (CPR):    0.274ns
  Clock Uncertainty:      0.035ns  ((TSJ^2 + TIJ^2)^1/2 + DJ) / 2 + PE
    Total System Jitter     (TSJ):    0.071ns
    Total Input Jitter      (TIJ):    0.000ns
    Discrete Jitter          (DJ):    0.000ns
    Phase Error              (PE):    0.000ns

    Location             Delay type                Incr(ns)  Path(ns)    Netlist Resource(s)
  -------------------------------------------------------------------    -------------------
                         (clock sys_clk_pin rise edge)
                                                      0.000     0.000 r  
    W5                                                0.000     0.000 r  CLK (IN)
                         net (fo=0)                   0.000     0.000    CLK
    W5                   IBUF (Prop_ibuf_I_O)         1.458     1.458 r  CLK_IBUF_inst/O
                         net (fo=1, routed)           1.967     3.425    CLK_IBUF
    BUFGCTRL_X0Y0        BUFG (Prop_bufg_I_O)         0.096     3.521 r  CLK_IBUF_BUFG_inst/O
                         net (fo=64, routed)          1.638     5.159    Clock_curto/CLK_IBUF_BUFG
    SLICE_X0Y3           FDRE                                         r  Clock_curto/counter_reg[0]/C
  -------------------------------------------------------------------    -------------------
    SLICE_X0Y3           FDRE (Prop_fdre_C_Q)         0.456     5.615 f  Clock_curto/counter_reg[0]/Q
                         net (fo=3, routed)           1.713     7.328    Clock_curto/counter[0]
    SLICE_X0Y3           LUT4 (Prop_lut4_I1_O)        0.150     7.478 f  Clock_curto/counter[27]_i_8/O
                         net (fo=1, routed)           0.936     8.414    Clock_curto/counter[27]_i_8_n_0
    SLICE_X0Y8           LUT6 (Prop_lut6_I5_O)        0.326     8.740 f  Clock_curto/counter[27]_i_4/O
                         net (fo=2, routed)           1.104     9.844    Clock_curto/counter[27]_i_4_n_0
    SLICE_X0Y4           LUT3 (Prop_lut3_I2_O)        0.124     9.968 r  Clock_curto/counter[27]_i_1/O
                         net (fo=28, routed)          0.953    10.921    Clock_curto/counter[27]_i_1_n_0
    SLICE_X1Y9           FDRE                                         r  Clock_curto/counter_reg[25]/R
  -------------------------------------------------------------------    -------------------

                         (clock sys_clk_pin rise edge)
                                                     10.000    10.000 r  
    W5                                                0.000    10.000 r  CLK (IN)
                         net (fo=0)                   0.000    10.000    CLK
    W5                   IBUF (Prop_ibuf_I_O)         1.388    11.388 r  CLK_IBUF_inst/O
                         net (fo=1, routed)           1.862    13.250    CLK_IBUF
    BUFGCTRL_X0Y0        BUFG (Prop_bufg_I_O)         0.091    13.341 r  CLK_IBUF_BUFG_inst/O
                         net (fo=64, routed)          1.517    14.858    Clock_curto/CLK_IBUF_BUFG
    SLICE_X1Y9           FDRE                                         r  Clock_curto/counter_reg[25]/C
                         clock pessimism              0.274    15.132    
                         clock uncertainty           -0.035    15.097    
    SLICE_X1Y9           FDRE (Setup_fdre_C_R)       -0.429    14.668    Clock_curto/counter_reg[25]
  -------------------------------------------------------------------
                         required time                         14.668    
                         arrival time                         -10.921    
  -------------------------------------------------------------------
                         slack                                  3.747    

Slack (MET) :             3.747ns  (required time - arrival time)
  Source:                 Clock_curto/counter_reg[0]/C
                            (rising edge-triggered cell FDRE clocked by sys_clk_pin  {rise@0.000ns fall@5.000ns period=10.000ns})
  Destination:            Clock_curto/counter_reg[26]/R
                            (rising edge-triggered cell FDRE clocked by sys_clk_pin  {rise@0.000ns fall@5.000ns period=10.000ns})
  Path Group:             sys_clk_pin
  Path Type:              Setup (Max at Slow Process Corner)
  Requirement:            10.000ns  (sys_clk_pin rise@10.000ns - sys_clk_pin rise@0.000ns)
  Data Path Delay:        5.762ns  (logic 1.056ns (18.328%)  route 4.706ns (81.672%))
  Logic Levels:           3  (LUT3=1 LUT4=1 LUT6=1)
  Clock Path Skew:        -0.027ns (DCD - SCD + CPR)
    Destination Clock Delay (DCD):    4.858ns = ( 14.858 - 10.000 ) 
    Source Clock Delay      (SCD):    5.159ns
    Clock Pessimism Removal (CPR):    0.274ns
  Clock Uncertainty:      0.035ns  ((TSJ^2 + TIJ^2)^1/2 + DJ) / 2 + PE
    Total System Jitter     (TSJ):    0.071ns
    Total Input Jitter      (TIJ):    0.000ns
    Discrete Jitter          (DJ):    0.000ns
    Phase Error              (PE):    0.000ns

    Location             Delay type                Incr(ns)  Path(ns)    Netlist Resource(s)
  -------------------------------------------------------------------    -------------------
                         (clock sys_clk_pin rise edge)
                                                      0.000     0.000 r  
    W5                                                0.000     0.000 r  CLK (IN)
                         net (fo=0)                   0.000     0.000    CLK
    W5                   IBUF (Prop_ibuf_I_O)         1.458     1.458 r  CLK_IBUF_inst/O
                         net (fo=1, routed)           1.967     3.425    CLK_IBUF
    BUFGCTRL_X0Y0        BUFG (Prop_bufg_I_O)         0.096     3.521 r  CLK_IBUF_BUFG_inst/O
                         net (fo=64, routed)          1.638     5.159    Clock_curto/CLK_IBUF_BUFG
    SLICE_X0Y3           FDRE                                         r  Clock_curto/counter_reg[0]/C
  -------------------------------------------------------------------    -------------------
    SLICE_X0Y3           FDRE (Prop_fdre_C_Q)         0.456     5.615 f  Clock_curto/counter_reg[0]/Q
                         net (fo=3, routed)           1.713     7.328    Clock_curto/counter[0]
    SLICE_X0Y3           LUT4 (Prop_lut4_I1_O)        0.150     7.478 f  Clock_curto/counter[27]_i_8/O
                         net (fo=1, routed)           0.936     8.414    Clock_curto/counter[27]_i_8_n_0
    SLICE_X0Y8           LUT6 (Prop_lut6_I5_O)        0.326     8.740 f  Clock_curto/counter[27]_i_4/O
                         net (fo=2, routed)           1.104     9.844    Clock_curto/counter[27]_i_4_n_0
    SLICE_X0Y4           LUT3 (Prop_lut3_I2_O)        0.124     9.968 r  Clock_curto/counter[27]_i_1/O
                         net (fo=28, routed)          0.953    10.921    Clock_curto/counter[27]_i_1_n_0
    SLICE_X1Y9           FDRE                                         r  Clock_curto/counter_reg[26]/R
  -------------------------------------------------------------------    -------------------

                         (clock sys_clk_pin rise edge)
                                                     10.000    10.000 r  
    W5                                                0.000    10.000 r  CLK (IN)
                         net (fo=0)                   0.000    10.000    CLK
    W5                   IBUF (Prop_ibuf_I_O)         1.388    11.388 r  CLK_IBUF_inst/O
                         net (fo=1, routed)           1.862    13.250    CLK_IBUF
    BUFGCTRL_X0Y0        BUFG (Prop_bufg_I_O)         0.091    13.341 r  CLK_IBUF_BUFG_inst/O
                         net (fo=64, routed)          1.517    14.858    Clock_curto/CLK_IBUF_BUFG
    SLICE_X1Y9           FDRE                                         r  Clock_curto/counter_reg[26]/C
                         clock pessimism              0.274    15.132    
                         clock uncertainty           -0.035    15.097    
    SLICE_X1Y9           FDRE (Setup_fdre_C_R)       -0.429    14.668    Clock_curto/counter_reg[26]
  -------------------------------------------------------------------
                         required time                         14.668    
                         arrival time                         -10.921    
  -------------------------------------------------------------------
                         slack                                  3.747    

Slack (MET) :             3.747ns  (required time - arrival time)
  Source:                 Clock_curto/counter_reg[0]/C
                            (rising edge-triggered cell FDRE clocked by sys_clk_pin  {rise@0.000ns fall@5.000ns period=10.000ns})
  Destination:            Clock_curto/counter_reg[27]/R
                            (rising edge-triggered cell FDRE clocked by sys_clk_pin  {rise@0.000ns fall@5.000ns period=10.000ns})
  Path Group:             sys_clk_pin
  Path Type:              Setup (Max at Slow Process Corner)
  Requirement:            10.000ns  (sys_clk_pin rise@10.000ns - sys_clk_pin rise@0.000ns)
  Data Path Delay:        5.762ns  (logic 1.056ns (18.328%)  route 4.706ns (81.672%))
  Logic Levels:           3  (LUT3=1 LUT4=1 LUT6=1)
  Clock Path Skew:        -0.027ns (DCD - SCD + CPR)
    Destination Clock Delay (DCD):    4.858ns = ( 14.858 - 10.000 ) 
    Source Clock Delay      (SCD):    5.159ns
    Clock Pessimism Removal (CPR):    0.274ns
  Clock Uncertainty:      0.035ns  ((TSJ^2 + TIJ^2)^1/2 + DJ) / 2 + PE
    Total System Jitter     (TSJ):    0.071ns
    Total Input Jitter      (TIJ):    0.000ns
    Discrete Jitter          (DJ):    0.000ns
    Phase Error              (PE):    0.000ns

    Location             Delay type                Incr(ns)  Path(ns)    Netlist Resource(s)
  -------------------------------------------------------------------    -------------------
                         (clock sys_clk_pin rise edge)
                                                      0.000     0.000 r  
    W5                                                0.000     0.000 r  CLK (IN)
                         net (fo=0)                   0.000     0.000    CLK
    W5                   IBUF (Prop_ibuf_I_O)         1.458     1.458 r  CLK_IBUF_inst/O
                         net (fo=1, routed)           1.967     3.425    CLK_IBUF
    BUFGCTRL_X0Y0        BUFG (Prop_bufg_I_O)         0.096     3.521 r  CLK_IBUF_BUFG_inst/O
                         net (fo=64, routed)          1.638     5.159    Clock_curto/CLK_IBUF_BUFG
    SLICE_X0Y3           FDRE                                         r  Clock_curto/counter_reg[0]/C
  -------------------------------------------------------------------    -------------------
    SLICE_X0Y3           FDRE (Prop_fdre_C_Q)         0.456     5.615 f  Clock_curto/counter_reg[0]/Q
                         net (fo=3, routed)           1.713     7.328    Clock_curto/counter[0]
    SLICE_X0Y3           LUT4 (Prop_lut4_I1_O)        0.150     7.478 f  Clock_curto/counter[27]_i_8/O
                         net (fo=1, routed)           0.936     8.414    Clock_curto/counter[27]_i_8_n_0
    SLICE_X0Y8           LUT6 (Prop_lut6_I5_O)        0.326     8.740 f  Clock_curto/counter[27]_i_4/O
                         net (fo=2, routed)           1.104     9.844    Clock_curto/counter[27]_i_4_n_0
    SLICE_X0Y4           LUT3 (Prop_lut3_I2_O)        0.124     9.968 r  Clock_curto/counter[27]_i_1/O
                         net (fo=28, routed)          0.953    10.921    Clock_curto/counter[27]_i_1_n_0
    SLICE_X1Y9           FDRE                                         r  Clock_curto/counter_reg[27]/R
  -------------------------------------------------------------------    -------------------

                         (clock sys_clk_pin rise edge)
                                                     10.000    10.000 r  
    W5                                                0.000    10.000 r  CLK (IN)
                         net (fo=0)                   0.000    10.000    CLK
    W5                   IBUF (Prop_ibuf_I_O)         1.388    11.388 r  CLK_IBUF_inst/O
                         net (fo=1, routed)           1.862    13.250    CLK_IBUF
    BUFGCTRL_X0Y0        BUFG (Prop_bufg_I_O)         0.091    13.341 r  CLK_IBUF_BUFG_inst/O
                         net (fo=64, routed)          1.517    14.858    Clock_curto/CLK_IBUF_BUFG
    SLICE_X1Y9           FDRE                                         r  Clock_curto/counter_reg[27]/C
                         clock pessimism              0.274    15.132    
                         clock uncertainty           -0.035    15.097    
    SLICE_X1Y9           FDRE (Setup_fdre_C_R)       -0.429    14.668    Clock_curto/counter_reg[27]
  -------------------------------------------------------------------
                         required time                         14.668    
                         arrival time                         -10.921    
  -------------------------------------------------------------------
                         slack                                  3.747    

Slack (MET) :             3.894ns  (required time - arrival time)
  Source:                 Clock_curto/counter_reg[0]/C
                            (rising edge-triggered cell FDRE clocked by sys_clk_pin  {rise@0.000ns fall@5.000ns period=10.000ns})
  Destination:            Clock_curto/counter_reg[21]/R
                            (rising edge-triggered cell FDRE clocked by sys_clk_pin  {rise@0.000ns fall@5.000ns period=10.000ns})
  Path Group:             sys_clk_pin
  Path Type:              Setup (Max at Slow Process Corner)
  Requirement:            10.000ns  (sys_clk_pin rise@10.000ns - sys_clk_pin rise@0.000ns)
  Data Path Delay:        5.616ns  (logic 1.056ns (18.804%)  route 4.560ns (81.196%))
  Logic Levels:           3  (LUT3=1 LUT4=1 LUT6=1)
  Clock Path Skew:        -0.026ns (DCD - SCD + CPR)
    Destination Clock Delay (DCD):    4.859ns = ( 14.859 - 10.000 ) 
    Source Clock Delay      (SCD):    5.159ns
    Clock Pessimism Removal (CPR):    0.274ns
  Clock Uncertainty:      0.035ns  ((TSJ^2 + TIJ^2)^1/2 + DJ) / 2 + PE
    Total System Jitter     (TSJ):    0.071ns
    Total Input Jitter      (TIJ):    0.000ns
    Discrete Jitter          (DJ):    0.000ns
    Phase Error              (PE):    0.000ns

    Location             Delay type                Incr(ns)  Path(ns)    Netlist Resource(s)
  -------------------------------------------------------------------    -------------------
                         (clock sys_clk_pin rise edge)
                                                      0.000     0.000 r  
    W5                                                0.000     0.000 r  CLK (IN)
                         net (fo=0)                   0.000     0.000    CLK
    W5                   IBUF (Prop_ibuf_I_O)         1.458     1.458 r  CLK_IBUF_inst/O
                         net (fo=1, routed)           1.967     3.425    CLK_IBUF
    BUFGCTRL_X0Y0        BUFG (Prop_bufg_I_O)         0.096     3.521 r  CLK_IBUF_BUFG_inst/O
                         net (fo=64, routed)          1.638     5.159    Clock_curto/CLK_IBUF_BUFG
    SLICE_X0Y3           FDRE                                         r  Clock_curto/counter_reg[0]/C
  -------------------------------------------------------------------    -------------------
    SLICE_X0Y3           FDRE (Prop_fdre_C_Q)         0.456     5.615 f  Clock_curto/counter_reg[0]/Q
                         net (fo=3, routed)           1.713     7.328    Clock_curto/counter[0]
    SLICE_X0Y3           LUT4 (Prop_lut4_I1_O)        0.150     7.478 f  Clock_curto/counter[27]_i_8/O
                         net (fo=1, routed)           0.936     8.414    Clock_curto/counter[27]_i_8_n_0
    SLICE_X0Y8           LUT6 (Prop_lut6_I5_O)        0.326     8.740 f  Clock_curto/counter[27]_i_4/O
                         net (fo=2, routed)           1.104     9.844    Clock_curto/counter[27]_i_4_n_0
    SLICE_X0Y4           LUT3 (Prop_lut3_I2_O)        0.124     9.968 r  Clock_curto/counter[27]_i_1/O
                         net (fo=28, routed)          0.807    10.775    Clock_curto/counter[27]_i_1_n_0
    SLICE_X1Y8           FDRE                                         r  Clock_curto/counter_reg[21]/R
  -------------------------------------------------------------------    -------------------

                         (clock sys_clk_pin rise edge)
                                                     10.000    10.000 r  
    W5                                                0.000    10.000 r  CLK (IN)
                         net (fo=0)                   0.000    10.000    CLK
    W5                   IBUF (Prop_ibuf_I_O)         1.388    11.388 r  CLK_IBUF_inst/O
                         net (fo=1, routed)           1.862    13.250    CLK_IBUF
    BUFGCTRL_X0Y0        BUFG (Prop_bufg_I_O)         0.091    13.341 r  CLK_IBUF_BUFG_inst/O
                         net (fo=64, routed)          1.518    14.859    Clock_curto/CLK_IBUF_BUFG
    SLICE_X1Y8           FDRE                                         r  Clock_curto/counter_reg[21]/C
                         clock pessimism              0.274    15.133    
                         clock uncertainty           -0.035    15.098    
    SLICE_X1Y8           FDRE (Setup_fdre_C_R)       -0.429    14.669    Clock_curto/counter_reg[21]
  -------------------------------------------------------------------
                         required time                         14.669    
                         arrival time                         -10.775    
  -------------------------------------------------------------------
                         slack                                  3.894    

Slack (MET) :             3.894ns  (required time - arrival time)
  Source:                 Clock_curto/counter_reg[0]/C
                            (rising edge-triggered cell FDRE clocked by sys_clk_pin  {rise@0.000ns fall@5.000ns period=10.000ns})
  Destination:            Clock_curto/counter_reg[22]/R
                            (rising edge-triggered cell FDRE clocked by sys_clk_pin  {rise@0.000ns fall@5.000ns period=10.000ns})
  Path Group:             sys_clk_pin
  Path Type:              Setup (Max at Slow Process Corner)
  Requirement:            10.000ns  (sys_clk_pin rise@10.000ns - sys_clk_pin rise@0.000ns)
  Data Path Delay:        5.616ns  (logic 1.056ns (18.804%)  route 4.560ns (81.196%))
  Logic Levels:           3  (LUT3=1 LUT4=1 LUT6=1)
  Clock Path Skew:        -0.026ns (DCD - SCD + CPR)
    Destination Clock Delay (DCD):    4.859ns = ( 14.859 - 10.000 ) 
    Source Clock Delay      (SCD):    5.159ns
    Clock Pessimism Removal (CPR):    0.274ns
  Clock Uncertainty:      0.035ns  ((TSJ^2 + TIJ^2)^1/2 + DJ) / 2 + PE
    Total System Jitter     (TSJ):    0.071ns
    Total Input Jitter      (TIJ):    0.000ns
    Discrete Jitter          (DJ):    0.000ns
    Phase Error              (PE):    0.000ns

    Location             Delay type                Incr(ns)  Path(ns)    Netlist Resource(s)
  -------------------------------------------------------------------    -------------------
                         (clock sys_clk_pin rise edge)
                                                      0.000     0.000 r  
    W5                                                0.000     0.000 r  CLK (IN)
                         net (fo=0)                   0.000     0.000    CLK
    W5                   IBUF (Prop_ibuf_I_O)         1.458     1.458 r  CLK_IBUF_inst/O
                         net (fo=1, routed)           1.967     3.425    CLK_IBUF
    BUFGCTRL_X0Y0        BUFG (Prop_bufg_I_O)         0.096     3.521 r  CLK_IBUF_BUFG_inst/O
                         net (fo=64, routed)          1.638     5.159    Clock_curto/CLK_IBUF_BUFG
    SLICE_X0Y3           FDRE                                         r  Clock_curto/counter_reg[0]/C
  -------------------------------------------------------------------    -------------------
    SLICE_X0Y3           FDRE (Prop_fdre_C_Q)         0.456     5.615 f  Clock_curto/counter_reg[0]/Q
                         net (fo=3, routed)           1.713     7.328    Clock_curto/counter[0]
    SLICE_X0Y3           LUT4 (Prop_lut4_I1_O)        0.150     7.478 f  Clock_curto/counter[27]_i_8/O
                         net (fo=1, routed)           0.936     8.414    Clock_curto/counter[27]_i_8_n_0
    SLICE_X0Y8           LUT6 (Prop_lut6_I5_O)        0.326     8.740 f  Clock_curto/counter[27]_i_4/O
                         net (fo=2, routed)           1.104     9.844    Clock_curto/counter[27]_i_4_n_0
    SLICE_X0Y4           LUT3 (Prop_lut3_I2_O)        0.124     9.968 r  Clock_curto/counter[27]_i_1/O
                         net (fo=28, routed)          0.807    10.775    Clock_curto/counter[27]_i_1_n_0
    SLICE_X1Y8           FDRE                                         r  Clock_curto/counter_reg[22]/R
  -------------------------------------------------------------------    -------------------

                         (clock sys_clk_pin rise edge)
                                                     10.000    10.000 r  
    W5                                                0.000    10.000 r  CLK (IN)
                         net (fo=0)                   0.000    10.000    CLK
    W5                   IBUF (Prop_ibuf_I_O)         1.388    11.388 r  CLK_IBUF_inst/O
                         net (fo=1, routed)           1.862    13.250    CLK_IBUF
    BUFGCTRL_X0Y0        BUFG (Prop_bufg_I_O)         0.091    13.341 r  CLK_IBUF_BUFG_inst/O
                         net (fo=64, routed)          1.518    14.859    Clock_curto/CLK_IBUF_BUFG
    SLICE_X1Y8           FDRE                                         r  Clock_curto/counter_reg[22]/C
                         clock pessimism              0.274    15.133    
                         clock uncertainty           -0.035    15.098    
    SLICE_X1Y8           FDRE (Setup_fdre_C_R)       -0.429    14.669    Clock_curto/counter_reg[22]
  -------------------------------------------------------------------
                         required time                         14.669    
                         arrival time                         -10.775    
  -------------------------------------------------------------------
                         slack                                  3.894    

Slack (MET) :             3.894ns  (required time - arrival time)
  Source:                 Clock_curto/counter_reg[0]/C
                            (rising edge-triggered cell FDRE clocked by sys_clk_pin  {rise@0.000ns fall@5.000ns period=10.000ns})
  Destination:            Clock_curto/counter_reg[23]/R
                            (rising edge-triggered cell FDRE clocked by sys_clk_pin  {rise@0.000ns fall@5.000ns period=10.000ns})
  Path Group:             sys_clk_pin
  Path Type:              Setup (Max at Slow Process Corner)
  Requirement:            10.000ns  (sys_clk_pin rise@10.000ns - sys_clk_pin rise@0.000ns)
  Data Path Delay:        5.616ns  (logic 1.056ns (18.804%)  route 4.560ns (81.196%))
  Logic Levels:           3  (LUT3=1 LUT4=1 LUT6=1)
  Clock Path Skew:        -0.026ns (DCD - SCD + CPR)
    Destination Clock Delay (DCD):    4.859ns = ( 14.859 - 10.000 ) 
    Source Clock Delay      (SCD):    5.159ns
    Clock Pessimism Removal (CPR):    0.274ns
  Clock Uncertainty:      0.035ns  ((TSJ^2 + TIJ^2)^1/2 + DJ) / 2 + PE
    Total System Jitter     (TSJ):    0.071ns
    Total Input Jitter      (TIJ):    0.000ns
    Discrete Jitter          (DJ):    0.000ns
    Phase Error              (PE):    0.000ns

    Location             Delay type                Incr(ns)  Path(ns)    Netlist Resource(s)
  -------------------------------------------------------------------    -------------------
                         (clock sys_clk_pin rise edge)
                                                      0.000     0.000 r  
    W5                                                0.000     0.000 r  CLK (IN)
                         net (fo=0)                   0.000     0.000    CLK
    W5                   IBUF (Prop_ibuf_I_O)         1.458     1.458 r  CLK_IBUF_inst/O
                         net (fo=1, routed)           1.967     3.425    CLK_IBUF
    BUFGCTRL_X0Y0        BUFG (Prop_bufg_I_O)         0.096     3.521 r  CLK_IBUF_BUFG_inst/O
                         net (fo=64, routed)          1.638     5.159    Clock_curto/CLK_IBUF_BUFG
    SLICE_X0Y3           FDRE                                         r  Clock_curto/counter_reg[0]/C
  -------------------------------------------------------------------    -------------------
    SLICE_X0Y3           FDRE (Prop_fdre_C_Q)         0.456     5.615 f  Clock_curto/counter_reg[0]/Q
                         net (fo=3, routed)           1.713     7.328    Clock_curto/counter[0]
    SLICE_X0Y3           LUT4 (Prop_lut4_I1_O)        0.150     7.478 f  Clock_curto/counter[27]_i_8/O
                         net (fo=1, routed)           0.936     8.414    Clock_curto/counter[27]_i_8_n_0
    SLICE_X0Y8           LUT6 (Prop_lut6_I5_O)        0.326     8.740 f  Clock_curto/counter[27]_i_4/O
                         net (fo=2, routed)           1.104     9.844    Clock_curto/counter[27]_i_4_n_0
    SLICE_X0Y4           LUT3 (Prop_lut3_I2_O)        0.124     9.968 r  Clock_curto/counter[27]_i_1/O
                         net (fo=28, routed)          0.807    10.775    Clock_curto/counter[27]_i_1_n_0
    SLICE_X1Y8           FDRE                                         r  Clock_curto/counter_reg[23]/R
  -------------------------------------------------------------------    -------------------

                         (clock sys_clk_pin rise edge)
                                                     10.000    10.000 r  
    W5                                                0.000    10.000 r  CLK (IN)
                         net (fo=0)                   0.000    10.000    CLK
    W5                   IBUF (Prop_ibuf_I_O)         1.388    11.388 r  CLK_IBUF_inst/O
                         net (fo=1, routed)           1.862    13.250    CLK_IBUF
    BUFGCTRL_X0Y0        BUFG (Prop_bufg_I_O)         0.091    13.341 r  CLK_IBUF_BUFG_inst/O
                         net (fo=64, routed)          1.518    14.859    Clock_curto/CLK_IBUF_BUFG
    SLICE_X1Y8           FDRE                                         r  Clock_curto/counter_reg[23]/C
                         clock pessimism              0.274    15.133    
                         clock uncertainty           -0.035    15.098    
    SLICE_X1Y8           FDRE (Setup_fdre_C_R)       -0.429    14.669    Clock_curto/counter_reg[23]
  -------------------------------------------------------------------
                         required time                         14.669    
                         arrival time                         -10.775    
  -------------------------------------------------------------------
                         slack                                  3.894    

Slack (MET) :             3.894ns  (required time - arrival time)
  Source:                 Clock_curto/counter_reg[0]/C
                            (rising edge-triggered cell FDRE clocked by sys_clk_pin  {rise@0.000ns fall@5.000ns period=10.000ns})
  Destination:            Clock_curto/counter_reg[24]/R
                            (rising edge-triggered cell FDRE clocked by sys_clk_pin  {rise@0.000ns fall@5.000ns period=10.000ns})
  Path Group:             sys_clk_pin
  Path Type:              Setup (Max at Slow Process Corner)
  Requirement:            10.000ns  (sys_clk_pin rise@10.000ns - sys_clk_pin rise@0.000ns)
  Data Path Delay:        5.616ns  (logic 1.056ns (18.804%)  route 4.560ns (81.196%))
  Logic Levels:           3  (LUT3=1 LUT4=1 LUT6=1)
  Clock Path Skew:        -0.026ns (DCD - SCD + CPR)
    Destination Clock Delay (DCD):    4.859ns = ( 14.859 - 10.000 ) 
    Source Clock Delay      (SCD):    5.159ns
    Clock Pessimism Removal (CPR):    0.274ns
  Clock Uncertainty:      0.035ns  ((TSJ^2 + TIJ^2)^1/2 + DJ) / 2 + PE
    Total System Jitter     (TSJ):    0.071ns
    Total Input Jitter      (TIJ):    0.000ns
    Discrete Jitter          (DJ):    0.000ns
    Phase Error              (PE):    0.000ns

    Location             Delay type                Incr(ns)  Path(ns)    Netlist Resource(s)
  -------------------------------------------------------------------    -------------------
                         (clock sys_clk_pin rise edge)
                                                      0.000     0.000 r  
    W5                                                0.000     0.000 r  CLK (IN)
                         net (fo=0)                   0.000     0.000    CLK
    W5                   IBUF (Prop_ibuf_I_O)         1.458     1.458 r  CLK_IBUF_inst/O
                         net (fo=1, routed)           1.967     3.425    CLK_IBUF
    BUFGCTRL_X0Y0        BUFG (Prop_bufg_I_O)         0.096     3.521 r  CLK_IBUF_BUFG_inst/O
                         net (fo=64, routed)          1.638     5.159    Clock_curto/CLK_IBUF_BUFG
    SLICE_X0Y3           FDRE                                         r  Clock_curto/counter_reg[0]/C
  -------------------------------------------------------------------    -------------------
    SLICE_X0Y3           FDRE (Prop_fdre_C_Q)         0.456     5.615 f  Clock_curto/counter_reg[0]/Q
                         net (fo=3, routed)           1.713     7.328    Clock_curto/counter[0]
    SLICE_X0Y3           LUT4 (Prop_lut4_I1_O)        0.150     7.478 f  Clock_curto/counter[27]_i_8/O
                         net (fo=1, routed)           0.936     8.414    Clock_curto/counter[27]_i_8_n_0
    SLICE_X0Y8           LUT6 (Prop_lut6_I5_O)        0.326     8.740 f  Clock_curto/counter[27]_i_4/O
                         net (fo=2, routed)           1.104     9.844    Clock_curto/counter[27]_i_4_n_0
    SLICE_X0Y4           LUT3 (Prop_lut3_I2_O)        0.124     9.968 r  Clock_curto/counter[27]_i_1/O
                         net (fo=28, routed)          0.807    10.775    Clock_curto/counter[27]_i_1_n_0
    SLICE_X1Y8           FDRE                                         r  Clock_curto/counter_reg[24]/R
  -------------------------------------------------------------------    -------------------

                         (clock sys_clk_pin rise edge)
                                                     10.000    10.000 r  
    W5                                                0.000    10.000 r  CLK (IN)
                         net (fo=0)                   0.000    10.000    CLK
    W5                   IBUF (Prop_ibuf_I_O)         1.388    11.388 r  CLK_IBUF_inst/O
                         net (fo=1, routed)           1.862    13.250    CLK_IBUF
    BUFGCTRL_X0Y0        BUFG (Prop_bufg_I_O)         0.091    13.341 r  CLK_IBUF_BUFG_inst/O
                         net (fo=64, routed)          1.518    14.859    Clock_curto/CLK_IBUF_BUFG
    SLICE_X1Y8           FDRE                                         r  Clock_curto/counter_reg[24]/C
                         clock pessimism              0.274    15.133    
                         clock uncertainty           -0.035    15.098    
    SLICE_X1Y8           FDRE (Setup_fdre_C_R)       -0.429    14.669    Clock_curto/counter_reg[24]
  -------------------------------------------------------------------
                         required time                         14.669    
                         arrival time                         -10.775    
  -------------------------------------------------------------------
                         slack                                  3.894    

Slack (MET) :             4.042ns  (required time - arrival time)
  Source:                 Clock_curto/counter_reg[0]/C
                            (rising edge-triggered cell FDRE clocked by sys_clk_pin  {rise@0.000ns fall@5.000ns period=10.000ns})
  Destination:            Clock_curto/counter_reg[17]/R
                            (rising edge-triggered cell FDRE clocked by sys_clk_pin  {rise@0.000ns fall@5.000ns period=10.000ns})
  Path Group:             sys_clk_pin
  Path Type:              Setup (Max at Slow Process Corner)
  Requirement:            10.000ns  (sys_clk_pin rise@10.000ns - sys_clk_pin rise@0.000ns)
  Data Path Delay:        5.468ns  (logic 1.056ns (19.314%)  route 4.412ns (80.686%))
  Logic Levels:           3  (LUT3=1 LUT4=1 LUT6=1)
  Clock Path Skew:        -0.026ns (DCD - SCD + CPR)
    Destination Clock Delay (DCD):    4.859ns = ( 14.859 - 10.000 ) 
    Source Clock Delay      (SCD):    5.159ns
    Clock Pessimism Removal (CPR):    0.274ns
  Clock Uncertainty:      0.035ns  ((TSJ^2 + TIJ^2)^1/2 + DJ) / 2 + PE
    Total System Jitter     (TSJ):    0.071ns
    Total Input Jitter      (TIJ):    0.000ns
    Discrete Jitter          (DJ):    0.000ns
    Phase Error              (PE):    0.000ns

    Location             Delay type                Incr(ns)  Path(ns)    Netlist Resource(s)
  -------------------------------------------------------------------    -------------------
                         (clock sys_clk_pin rise edge)
                                                      0.000     0.000 r  
    W5                                                0.000     0.000 r  CLK (IN)
                         net (fo=0)                   0.000     0.000    CLK
    W5                   IBUF (Prop_ibuf_I_O)         1.458     1.458 r  CLK_IBUF_inst/O
                         net (fo=1, routed)           1.967     3.425    CLK_IBUF
    BUFGCTRL_X0Y0        BUFG (Prop_bufg_I_O)         0.096     3.521 r  CLK_IBUF_BUFG_inst/O
                         net (fo=64, routed)          1.638     5.159    Clock_curto/CLK_IBUF_BUFG
    SLICE_X0Y3           FDRE                                         r  Clock_curto/counter_reg[0]/C
  -------------------------------------------------------------------    -------------------
    SLICE_X0Y3           FDRE (Prop_fdre_C_Q)         0.456     5.615 f  Clock_curto/counter_reg[0]/Q
                         net (fo=3, routed)           1.713     7.328    Clock_curto/counter[0]
    SLICE_X0Y3           LUT4 (Prop_lut4_I1_O)        0.150     7.478 f  Clock_curto/counter[27]_i_8/O
                         net (fo=1, routed)           0.936     8.414    Clock_curto/counter[27]_i_8_n_0
    SLICE_X0Y8           LUT6 (Prop_lut6_I5_O)        0.326     8.740 f  Clock_curto/counter[27]_i_4/O
                         net (fo=2, routed)           1.104     9.844    Clock_curto/counter[27]_i_4_n_0
    SLICE_X0Y4           LUT3 (Prop_lut3_I2_O)        0.124     9.968 r  Clock_curto/counter[27]_i_1/O
                         net (fo=28, routed)          0.659    10.627    Clock_curto/counter[27]_i_1_n_0
    SLICE_X1Y7           FDRE                                         r  Clock_curto/counter_reg[17]/R
  -------------------------------------------------------------------    -------------------

                         (clock sys_clk_pin rise edge)
                                                     10.000    10.000 r  
    W5                                                0.000    10.000 r  CLK (IN)
                         net (fo=0)                   0.000    10.000    CLK
    W5                   IBUF (Prop_ibuf_I_O)         1.388    11.388 r  CLK_IBUF_inst/O
                         net (fo=1, routed)           1.862    13.250    CLK_IBUF
    BUFGCTRL_X0Y0        BUFG (Prop_bufg_I_O)         0.091    13.341 r  CLK_IBUF_BUFG_inst/O
                         net (fo=64, routed)          1.518    14.859    Clock_curto/CLK_IBUF_BUFG
    SLICE_X1Y7           FDRE                                         r  Clock_curto/counter_reg[17]/C
                         clock pessimism              0.274    15.133    
                         clock uncertainty           -0.035    15.098    
    SLICE_X1Y7           FDRE (Setup_fdre_C_R)       -0.429    14.669    Clock_curto/counter_reg[17]
  -------------------------------------------------------------------
                         required time                         14.669    
                         arrival time                         -10.627    
  -------------------------------------------------------------------
                         slack                                  4.042    

Slack (MET) :             4.042ns  (required time - arrival time)
  Source:                 Clock_curto/counter_reg[0]/C
                            (rising edge-triggered cell FDRE clocked by sys_clk_pin  {rise@0.000ns fall@5.000ns period=10.000ns})
  Destination:            Clock_curto/counter_reg[18]/R
                            (rising edge-triggered cell FDRE clocked by sys_clk_pin  {rise@0.000ns fall@5.000ns period=10.000ns})
  Path Group:             sys_clk_pin
  Path Type:              Setup (Max at Slow Process Corner)
  Requirement:            10.000ns  (sys_clk_pin rise@10.000ns - sys_clk_pin rise@0.000ns)
  Data Path Delay:        5.468ns  (logic 1.056ns (19.314%)  route 4.412ns (80.686%))
  Logic Levels:           3  (LUT3=1 LUT4=1 LUT6=1)
  Clock Path Skew:        -0.026ns (DCD - SCD + CPR)
    Destination Clock Delay (DCD):    4.859ns = ( 14.859 - 10.000 ) 
    Source Clock Delay      (SCD):    5.159ns
    Clock Pessimism Removal (CPR):    0.274ns
  Clock Uncertainty:      0.035ns  ((TSJ^2 + TIJ^2)^1/2 + DJ) / 2 + PE
    Total System Jitter     (TSJ):    0.071ns
    Total Input Jitter      (TIJ):    0.000ns
    Discrete Jitter          (DJ):    0.000ns
    Phase Error              (PE):    0.000ns

    Location             Delay type                Incr(ns)  Path(ns)    Netlist Resource(s)
  -------------------------------------------------------------------    -------------------
                         (clock sys_clk_pin rise edge)
                                                      0.000     0.000 r  
    W5                                                0.000     0.000 r  CLK (IN)
                         net (fo=0)                   0.000     0.000    CLK
    W5                   IBUF (Prop_ibuf_I_O)         1.458     1.458 r  CLK_IBUF_inst/O
                         net (fo=1, routed)           1.967     3.425    CLK_IBUF
    BUFGCTRL_X0Y0        BUFG (Prop_bufg_I_O)         0.096     3.521 r  CLK_IBUF_BUFG_inst/O
                         net (fo=64, routed)          1.638     5.159    Clock_curto/CLK_IBUF_BUFG
    SLICE_X0Y3           FDRE                                         r  Clock_curto/counter_reg[0]/C
  -------------------------------------------------------------------    -------------------
    SLICE_X0Y3           FDRE (Prop_fdre_C_Q)         0.456     5.615 f  Clock_curto/counter_reg[0]/Q
                         net (fo=3, routed)           1.713     7.328    Clock_curto/counter[0]
    SLICE_X0Y3           LUT4 (Prop_lut4_I1_O)        0.150     7.478 f  Clock_curto/counter[27]_i_8/O
                         net (fo=1, routed)           0.936     8.414    Clock_curto/counter[27]_i_8_n_0
    SLICE_X0Y8           LUT6 (Prop_lut6_I5_O)        0.326     8.740 f  Clock_curto/counter[27]_i_4/O
                         net (fo=2, routed)           1.104     9.844    Clock_curto/counter[27]_i_4_n_0
    SLICE_X0Y4           LUT3 (Prop_lut3_I2_O)        0.124     9.968 r  Clock_curto/counter[27]_i_1/O
                         net (fo=28, routed)          0.659    10.627    Clock_curto/counter[27]_i_1_n_0
    SLICE_X1Y7           FDRE                                         r  Clock_curto/counter_reg[18]/R
  -------------------------------------------------------------------    -------------------

                         (clock sys_clk_pin rise edge)
                                                     10.000    10.000 r  
    W5                                                0.000    10.000 r  CLK (IN)
                         net (fo=0)                   0.000    10.000    CLK
    W5                   IBUF (Prop_ibuf_I_O)         1.388    11.388 r  CLK_IBUF_inst/O
                         net (fo=1, routed)           1.862    13.250    CLK_IBUF
    BUFGCTRL_X0Y0        BUFG (Prop_bufg_I_O)         0.091    13.341 r  CLK_IBUF_BUFG_inst/O
                         net (fo=64, routed)          1.518    14.859    Clock_curto/CLK_IBUF_BUFG
    SLICE_X1Y7           FDRE                                         r  Clock_curto/counter_reg[18]/C
                         clock pessimism              0.274    15.133    
                         clock uncertainty           -0.035    15.098    
    SLICE_X1Y7           FDRE (Setup_fdre_C_R)       -0.429    14.669    Clock_curto/counter_reg[18]
  -------------------------------------------------------------------
                         required time                         14.669    
                         arrival time                         -10.627    
  -------------------------------------------------------------------
                         slack                                  4.042    





Min Delay Paths
--------------------------------------------------------------------------------------
Slack (MET) :             0.261ns  (arrival time - required time)
  Source:                 Clock_longo/counter_reg[12]/C
                            (rising edge-triggered cell FDRE clocked by sys_clk_pin  {rise@0.000ns fall@5.000ns period=10.000ns})
  Destination:            Clock_longo/counter_reg[12]/D
                            (rising edge-triggered cell FDRE clocked by sys_clk_pin  {rise@0.000ns fall@5.000ns period=10.000ns})
  Path Group:             sys_clk_pin
  Path Type:              Hold (Min at Fast Process Corner)
  Requirement:            0.000ns  (sys_clk_pin rise@0.000ns - sys_clk_pin rise@0.000ns)
  Data Path Delay:        0.366ns  (logic 0.249ns (67.994%)  route 0.117ns (32.006%))
  Logic Levels:           1  (CARRY4=1)
  Clock Path Skew:        0.000ns (DCD - SCD - CPR)
    Destination Clock Delay (DCD):    1.988ns
    Source Clock Delay      (SCD):    1.474ns
    Clock Pessimism Removal (CPR):    0.514ns

    Location             Delay type                Incr(ns)  Path(ns)    Netlist Resource(s)
  -------------------------------------------------------------------    -------------------
                         (clock sys_clk_pin rise edge)
                                                      0.000     0.000 r  
    W5                                                0.000     0.000 r  CLK (IN)
                         net (fo=0)                   0.000     0.000    CLK
    W5                   IBUF (Prop_ibuf_I_O)         0.226     0.226 r  CLK_IBUF_inst/O
                         net (fo=1, routed)           0.631     0.858    CLK_IBUF
    BUFGCTRL_X0Y0        BUFG (Prop_bufg_I_O)         0.026     0.884 r  CLK_IBUF_BUFG_inst/O
                         net (fo=64, routed)          0.591     1.474    Clock_longo/CLK_IBUF_BUFG
    SLICE_X1Y14          FDRE                                         r  Clock_longo/counter_reg[12]/C
  -------------------------------------------------------------------    -------------------
    SLICE_X1Y14          FDRE (Prop_fdre_C_Q)         0.141     1.615 r  Clock_longo/counter_reg[12]/Q
                         net (fo=2, routed)           0.117     1.732    Clock_longo/counter_reg_n_0_[12]
    SLICE_X1Y14          CARRY4 (Prop_carry4_S[3]_O[3])
                                                      0.108     1.840 r  Clock_longo/counter0_carry__1/O[3]
                         net (fo=1, routed)           0.000     1.840    Clock_longo/counter0_carry__1_n_4
    SLICE_X1Y14          FDRE                                         r  Clock_longo/counter_reg[12]/D
  -------------------------------------------------------------------    -------------------

                         (clock sys_clk_pin rise edge)
                                                      0.000     0.000 r  
    W5                                                0.000     0.000 r  CLK (IN)
                         net (fo=0)                   0.000     0.000    CLK
    W5                   IBUF (Prop_ibuf_I_O)         0.414     0.414 r  CLK_IBUF_inst/O
                         net (fo=1, routed)           0.685     1.099    CLK_IBUF
    BUFGCTRL_X0Y0        BUFG (Prop_bufg_I_O)         0.029     1.128 r  CLK_IBUF_BUFG_inst/O
                         net (fo=64, routed)          0.861     1.988    Clock_longo/CLK_IBUF_BUFG
    SLICE_X1Y14          FDRE                                         r  Clock_longo/counter_reg[12]/C
                         clock pessimism             -0.514     1.474    
    SLICE_X1Y14          FDRE (Hold_fdre_C_D)         0.105     1.579    Clock_longo/counter_reg[12]
  -------------------------------------------------------------------
                         required time                         -1.579    
                         arrival time                           1.840    
  -------------------------------------------------------------------
                         slack                                  0.261    

Slack (MET) :             0.263ns  (arrival time - required time)
  Source:                 Clock_longo/counter_reg[4]/C
                            (rising edge-triggered cell FDRE clocked by sys_clk_pin  {rise@0.000ns fall@5.000ns period=10.000ns})
  Destination:            Clock_longo/counter_reg[4]/D
                            (rising edge-triggered cell FDRE clocked by sys_clk_pin  {rise@0.000ns fall@5.000ns period=10.000ns})
  Path Group:             sys_clk_pin
  Path Type:              Hold (Min at Fast Process Corner)
  Requirement:            0.000ns  (sys_clk_pin rise@0.000ns - sys_clk_pin rise@0.000ns)
  Data Path Delay:        0.368ns  (logic 0.249ns (67.612%)  route 0.119ns (32.388%))
  Logic Levels:           1  (CARRY4=1)
  Clock Path Skew:        0.000ns (DCD - SCD - CPR)
    Destination Clock Delay (DCD):    1.989ns
    Source Clock Delay      (SCD):    1.475ns
    Clock Pessimism Removal (CPR):    0.514ns

    Location             Delay type                Incr(ns)  Path(ns)    Netlist Resource(s)
  -------------------------------------------------------------------    -------------------
                         (clock sys_clk_pin rise edge)
                                                      0.000     0.000 r  
    W5                                                0.000     0.000 r  CLK (IN)
                         net (fo=0)                   0.000     0.000    CLK
    W5                   IBUF (Prop_ibuf_I_O)         0.226     0.226 r  CLK_IBUF_inst/O
                         net (fo=1, routed)           0.631     0.858    CLK_IBUF
    BUFGCTRL_X0Y0        BUFG (Prop_bufg_I_O)         0.026     0.884 r  CLK_IBUF_BUFG_inst/O
                         net (fo=64, routed)          0.592     1.475    Clock_longo/CLK_IBUF_BUFG
    SLICE_X1Y12          FDRE                                         r  Clock_longo/counter_reg[4]/C
  -------------------------------------------------------------------    -------------------
    SLICE_X1Y12          FDRE (Prop_fdre_C_Q)         0.141     1.616 r  Clock_longo/counter_reg[4]/Q
                         net (fo=2, routed)           0.119     1.735    Clock_longo/counter_reg_n_0_[4]
    SLICE_X1Y12          CARRY4 (Prop_carry4_S[3]_O[3])
                                                      0.108     1.843 r  Clock_longo/counter0_carry/O[3]
                         net (fo=1, routed)           0.000     1.843    Clock_longo/counter0_carry_n_4
    SLICE_X1Y12          FDRE                                         r  Clock_longo/counter_reg[4]/D
  -------------------------------------------------------------------    -------------------

                         (clock sys_clk_pin rise edge)
                                                      0.000     0.000 r  
    W5                                                0.000     0.000 r  CLK (IN)
                         net (fo=0)                   0.000     0.000    CLK
    W5                   IBUF (Prop_ibuf_I_O)         0.414     0.414 r  CLK_IBUF_inst/O
                         net (fo=1, routed)           0.685     1.099    CLK_IBUF
    BUFGCTRL_X0Y0        BUFG (Prop_bufg_I_O)         0.029     1.128 r  CLK_IBUF_BUFG_inst/O
                         net (fo=64, routed)          0.862     1.989    Clock_longo/CLK_IBUF_BUFG
    SLICE_X1Y12          FDRE                                         r  Clock_longo/counter_reg[4]/C
                         clock pessimism             -0.514     1.475    
    SLICE_X1Y12          FDRE (Hold_fdre_C_D)         0.105     1.580    Clock_longo/counter_reg[4]
  -------------------------------------------------------------------
                         required time                         -1.580    
                         arrival time                           1.843    
  -------------------------------------------------------------------
                         slack                                  0.263    

Slack (MET) :             0.263ns  (arrival time - required time)
  Source:                 Clock_longo/counter_reg[20]/C
                            (rising edge-triggered cell FDRE clocked by sys_clk_pin  {rise@0.000ns fall@5.000ns period=10.000ns})
  Destination:            Clock_longo/counter_reg[20]/D
                            (rising edge-triggered cell FDRE clocked by sys_clk_pin  {rise@0.000ns fall@5.000ns period=10.000ns})
  Path Group:             sys_clk_pin
  Path Type:              Hold (Min at Fast Process Corner)
  Requirement:            0.000ns  (sys_clk_pin rise@0.000ns - sys_clk_pin rise@0.000ns)
  Data Path Delay:        0.368ns  (logic 0.249ns (67.612%)  route 0.119ns (32.388%))
  Logic Levels:           1  (CARRY4=1)
  Clock Path Skew:        0.000ns (DCD - SCD - CPR)
    Destination Clock Delay (DCD):    1.986ns
    Source Clock Delay      (SCD):    1.473ns
    Clock Pessimism Removal (CPR):    0.513ns

    Location             Delay type                Incr(ns)  Path(ns)    Netlist Resource(s)
  -------------------------------------------------------------------    -------------------
                         (clock sys_clk_pin rise edge)
                                                      0.000     0.000 r  
    W5                                                0.000     0.000 r  CLK (IN)
                         net (fo=0)                   0.000     0.000    CLK
    W5                   IBUF (Prop_ibuf_I_O)         0.226     0.226 r  CLK_IBUF_inst/O
                         net (fo=1, routed)           0.631     0.858    CLK_IBUF
    BUFGCTRL_X0Y0        BUFG (Prop_bufg_I_O)         0.026     0.884 r  CLK_IBUF_BUFG_inst/O
                         net (fo=64, routed)          0.590     1.473    Clock_longo/CLK_IBUF_BUFG
    SLICE_X1Y16          FDRE                                         r  Clock_longo/counter_reg[20]/C
  -------------------------------------------------------------------    -------------------
    SLICE_X1Y16          FDRE (Prop_fdre_C_Q)         0.141     1.614 r  Clock_longo/counter_reg[20]/Q
                         net (fo=2, routed)           0.119     1.733    Clock_longo/counter_reg_n_0_[20]
    SLICE_X1Y16          CARRY4 (Prop_carry4_S[3]_O[3])
                                                      0.108     1.841 r  Clock_longo/counter0_carry__3/O[3]
                         net (fo=1, routed)           0.000     1.841    Clock_longo/counter0_carry__3_n_4
    SLICE_X1Y16          FDRE                                         r  Clock_longo/counter_reg[20]/D
  -------------------------------------------------------------------    -------------------

                         (clock sys_clk_pin rise edge)
                                                      0.000     0.000 r  
    W5                                                0.000     0.000 r  CLK (IN)
                         net (fo=0)                   0.000     0.000    CLK
    W5                   IBUF (Prop_ibuf_I_O)         0.414     0.414 r  CLK_IBUF_inst/O
                         net (fo=1, routed)           0.685     1.099    CLK_IBUF
    BUFGCTRL_X0Y0        BUFG (Prop_bufg_I_O)         0.029     1.128 r  CLK_IBUF_BUFG_inst/O
                         net (fo=64, routed)          0.859     1.986    Clock_longo/CLK_IBUF_BUFG
    SLICE_X1Y16          FDRE                                         r  Clock_longo/counter_reg[20]/C
                         clock pessimism             -0.513     1.473    
    SLICE_X1Y16          FDRE (Hold_fdre_C_D)         0.105     1.578    Clock_longo/counter_reg[20]
  -------------------------------------------------------------------
                         required time                         -1.578    
                         arrival time                           1.841    
  -------------------------------------------------------------------
                         slack                                  0.263    

Slack (MET) :             0.263ns  (arrival time - required time)
  Source:                 Clock_longo/counter_reg[24]/C
                            (rising edge-triggered cell FDRE clocked by sys_clk_pin  {rise@0.000ns fall@5.000ns period=10.000ns})
  Destination:            Clock_longo/counter_reg[24]/D
                            (rising edge-triggered cell FDRE clocked by sys_clk_pin  {rise@0.000ns fall@5.000ns period=10.000ns})
  Path Group:             sys_clk_pin
  Path Type:              Hold (Min at Fast Process Corner)
  Requirement:            0.000ns  (sys_clk_pin rise@0.000ns - sys_clk_pin rise@0.000ns)
  Data Path Delay:        0.368ns  (logic 0.249ns (67.612%)  route 0.119ns (32.388%))
  Logic Levels:           1  (CARRY4=1)
  Clock Path Skew:        0.000ns (DCD - SCD - CPR)
    Destination Clock Delay (DCD):    1.985ns
    Source Clock Delay      (SCD):    1.472ns
    Clock Pessimism Removal (CPR):    0.513ns

    Location             Delay type                Incr(ns)  Path(ns)    Netlist Resource(s)
  -------------------------------------------------------------------    -------------------
                         (clock sys_clk_pin rise edge)
                                                      0.000     0.000 r  
    W5                                                0.000     0.000 r  CLK (IN)
                         net (fo=0)                   0.000     0.000    CLK
    W5                   IBUF (Prop_ibuf_I_O)         0.226     0.226 r  CLK_IBUF_inst/O
                         net (fo=1, routed)           0.631     0.858    CLK_IBUF
    BUFGCTRL_X0Y0        BUFG (Prop_bufg_I_O)         0.026     0.884 r  CLK_IBUF_BUFG_inst/O
                         net (fo=64, routed)          0.589     1.472    Clock_longo/CLK_IBUF_BUFG
    SLICE_X1Y17          FDRE                                         r  Clock_longo/counter_reg[24]/C
  -------------------------------------------------------------------    -------------------
    SLICE_X1Y17          FDRE (Prop_fdre_C_Q)         0.141     1.613 r  Clock_longo/counter_reg[24]/Q
                         net (fo=2, routed)           0.119     1.732    Clock_longo/counter_reg_n_0_[24]
    SLICE_X1Y17          CARRY4 (Prop_carry4_S[3]_O[3])
                                                      0.108     1.840 r  Clock_longo/counter0_carry__4/O[3]
                         net (fo=1, routed)           0.000     1.840    Clock_longo/counter0_carry__4_n_4
    SLICE_X1Y17          FDRE                                         r  Clock_longo/counter_reg[24]/D
  -------------------------------------------------------------------    -------------------

                         (clock sys_clk_pin rise edge)
                                                      0.000     0.000 r  
    W5                                                0.000     0.000 r  CLK (IN)
                         net (fo=0)                   0.000     0.000    CLK
    W5                   IBUF (Prop_ibuf_I_O)         0.414     0.414 r  CLK_IBUF_inst/O
                         net (fo=1, routed)           0.685     1.099    CLK_IBUF
    BUFGCTRL_X0Y0        BUFG (Prop_bufg_I_O)         0.029     1.128 r  CLK_IBUF_BUFG_inst/O
                         net (fo=64, routed)          0.858     1.985    Clock_longo/CLK_IBUF_BUFG
    SLICE_X1Y17          FDRE                                         r  Clock_longo/counter_reg[24]/C
                         clock pessimism             -0.513     1.472    
    SLICE_X1Y17          FDRE (Hold_fdre_C_D)         0.105     1.577    Clock_longo/counter_reg[24]
  -------------------------------------------------------------------
                         required time                         -1.577    
                         arrival time                           1.840    
  -------------------------------------------------------------------
                         slack                                  0.263    

Slack (MET) :             0.263ns  (arrival time - required time)
  Source:                 Clock_longo/counter_reg[28]/C
                            (rising edge-triggered cell FDRE clocked by sys_clk_pin  {rise@0.000ns fall@5.000ns period=10.000ns})
  Destination:            Clock_longo/counter_reg[28]/D
                            (rising edge-triggered cell FDRE clocked by sys_clk_pin  {rise@0.000ns fall@5.000ns period=10.000ns})
  Path Group:             sys_clk_pin
  Path Type:              Hold (Min at Fast Process Corner)
  Requirement:            0.000ns  (sys_clk_pin rise@0.000ns - sys_clk_pin rise@0.000ns)
  Data Path Delay:        0.368ns  (logic 0.249ns (67.612%)  route 0.119ns (32.388%))
  Logic Levels:           1  (CARRY4=1)
  Clock Path Skew:        0.000ns (DCD - SCD - CPR)
    Destination Clock Delay (DCD):    1.984ns
    Source Clock Delay      (SCD):    1.471ns
    Clock Pessimism Removal (CPR):    0.513ns

    Location             Delay type                Incr(ns)  Path(ns)    Netlist Resource(s)
  -------------------------------------------------------------------    -------------------
                         (clock sys_clk_pin rise edge)
                                                      0.000     0.000 r  
    W5                                                0.000     0.000 r  CLK (IN)
                         net (fo=0)                   0.000     0.000    CLK
    W5                   IBUF (Prop_ibuf_I_O)         0.226     0.226 r  CLK_IBUF_inst/O
                         net (fo=1, routed)           0.631     0.858    CLK_IBUF
    BUFGCTRL_X0Y0        BUFG (Prop_bufg_I_O)         0.026     0.884 r  CLK_IBUF_BUFG_inst/O
                         net (fo=64, routed)          0.588     1.471    Clock_longo/CLK_IBUF_BUFG
    SLICE_X1Y18          FDRE                                         r  Clock_longo/counter_reg[28]/C
  -------------------------------------------------------------------    -------------------
    SLICE_X1Y18          FDRE (Prop_fdre_C_Q)         0.141     1.612 r  Clock_longo/counter_reg[28]/Q
                         net (fo=2, routed)           0.119     1.731    Clock_longo/counter_reg_n_0_[28]
    SLICE_X1Y18          CARRY4 (Prop_carry4_S[3]_O[3])
                                                      0.108     1.839 r  Clock_longo/counter0_carry__5/O[3]
                         net (fo=1, routed)           0.000     1.839    Clock_longo/counter0_carry__5_n_4
    SLICE_X1Y18          FDRE                                         r  Clock_longo/counter_reg[28]/D
  -------------------------------------------------------------------    -------------------

                         (clock sys_clk_pin rise edge)
                                                      0.000     0.000 r  
    W5                                                0.000     0.000 r  CLK (IN)
                         net (fo=0)                   0.000     0.000    CLK
    W5                   IBUF (Prop_ibuf_I_O)         0.414     0.414 r  CLK_IBUF_inst/O
                         net (fo=1, routed)           0.685     1.099    CLK_IBUF
    BUFGCTRL_X0Y0        BUFG (Prop_bufg_I_O)         0.029     1.128 r  CLK_IBUF_BUFG_inst/O
                         net (fo=64, routed)          0.857     1.984    Clock_longo/CLK_IBUF_BUFG
    SLICE_X1Y18          FDRE                                         r  Clock_longo/counter_reg[28]/C
                         clock pessimism             -0.513     1.471    
    SLICE_X1Y18          FDRE (Hold_fdre_C_D)         0.105     1.576    Clock_longo/counter_reg[28]
  -------------------------------------------------------------------
                         required time                         -1.576    
                         arrival time                           1.839    
  -------------------------------------------------------------------
                         slack                                  0.263    

Slack (MET) :             0.263ns  (arrival time - required time)
  Source:                 Clock_longo/counter_reg[8]/C
                            (rising edge-triggered cell FDRE clocked by sys_clk_pin  {rise@0.000ns fall@5.000ns period=10.000ns})
  Destination:            Clock_longo/counter_reg[8]/D
                            (rising edge-triggered cell FDRE clocked by sys_clk_pin  {rise@0.000ns fall@5.000ns period=10.000ns})
  Path Group:             sys_clk_pin
  Path Type:              Hold (Min at Fast Process Corner)
  Requirement:            0.000ns  (sys_clk_pin rise@0.000ns - sys_clk_pin rise@0.000ns)
  Data Path Delay:        0.368ns  (logic 0.249ns (67.612%)  route 0.119ns (32.388%))
  Logic Levels:           1  (CARRY4=1)
  Clock Path Skew:        0.000ns (DCD - SCD - CPR)
    Destination Clock Delay (DCD):    1.988ns
    Source Clock Delay      (SCD):    1.474ns
    Clock Pessimism Removal (CPR):    0.514ns

    Location             Delay type                Incr(ns)  Path(ns)    Netlist Resource(s)
  -------------------------------------------------------------------    -------------------
                         (clock sys_clk_pin rise edge)
                                                      0.000     0.000 r  
    W5                                                0.000     0.000 r  CLK (IN)
                         net (fo=0)                   0.000     0.000    CLK
    W5                   IBUF (Prop_ibuf_I_O)         0.226     0.226 r  CLK_IBUF_inst/O
                         net (fo=1, routed)           0.631     0.858    CLK_IBUF
    BUFGCTRL_X0Y0        BUFG (Prop_bufg_I_O)         0.026     0.884 r  CLK_IBUF_BUFG_inst/O
                         net (fo=64, routed)          0.591     1.474    Clock_longo/CLK_IBUF_BUFG
    SLICE_X1Y13          FDRE                                         r  Clock_longo/counter_reg[8]/C
  -------------------------------------------------------------------    -------------------
    SLICE_X1Y13          FDRE (Prop_fdre_C_Q)         0.141     1.615 r  Clock_longo/counter_reg[8]/Q
                         net (fo=2, routed)           0.119     1.734    Clock_longo/counter_reg_n_0_[8]
    SLICE_X1Y13          CARRY4 (Prop_carry4_S[3]_O[3])
                                                      0.108     1.842 r  Clock_longo/counter0_carry__0/O[3]
                         net (fo=1, routed)           0.000     1.842    Clock_longo/counter0_carry__0_n_4
    SLICE_X1Y13          FDRE                                         r  Clock_longo/counter_reg[8]/D
  -------------------------------------------------------------------    -------------------

                         (clock sys_clk_pin rise edge)
                                                      0.000     0.000 r  
    W5                                                0.000     0.000 r  CLK (IN)
                         net (fo=0)                   0.000     0.000    CLK
    W5                   IBUF (Prop_ibuf_I_O)         0.414     0.414 r  CLK_IBUF_inst/O
                         net (fo=1, routed)           0.685     1.099    CLK_IBUF
    BUFGCTRL_X0Y0        BUFG (Prop_bufg_I_O)         0.029     1.128 r  CLK_IBUF_BUFG_inst/O
                         net (fo=64, routed)          0.861     1.988    Clock_longo/CLK_IBUF_BUFG
    SLICE_X1Y13          FDRE                                         r  Clock_longo/counter_reg[8]/C
                         clock pessimism             -0.514     1.474    
    SLICE_X1Y13          FDRE (Hold_fdre_C_D)         0.105     1.579    Clock_longo/counter_reg[8]
  -------------------------------------------------------------------
                         required time                         -1.579    
                         arrival time                           1.842    
  -------------------------------------------------------------------
                         slack                                  0.263    

Slack (MET) :             0.263ns  (arrival time - required time)
  Source:                 Clock_longo/counter_reg[16]/C
                            (rising edge-triggered cell FDRE clocked by sys_clk_pin  {rise@0.000ns fall@5.000ns period=10.000ns})
  Destination:            Clock_longo/counter_reg[16]/D
                            (rising edge-triggered cell FDRE clocked by sys_clk_pin  {rise@0.000ns fall@5.000ns period=10.000ns})
  Path Group:             sys_clk_pin
  Path Type:              Hold (Min at Fast Process Corner)
  Requirement:            0.000ns  (sys_clk_pin rise@0.000ns - sys_clk_pin rise@0.000ns)
  Data Path Delay:        0.368ns  (logic 0.249ns (67.612%)  route 0.119ns (32.388%))
  Logic Levels:           1  (CARRY4=1)
  Clock Path Skew:        0.000ns (DCD - SCD - CPR)
    Destination Clock Delay (DCD):    1.987ns
    Source Clock Delay      (SCD):    1.474ns
    Clock Pessimism Removal (CPR):    0.513ns

    Location             Delay type                Incr(ns)  Path(ns)    Netlist Resource(s)
  -------------------------------------------------------------------    -------------------
                         (clock sys_clk_pin rise edge)
                                                      0.000     0.000 r  
    W5                                                0.000     0.000 r  CLK (IN)
                         net (fo=0)                   0.000     0.000    CLK
    W5                   IBUF (Prop_ibuf_I_O)         0.226     0.226 r  CLK_IBUF_inst/O
                         net (fo=1, routed)           0.631     0.858    CLK_IBUF
    BUFGCTRL_X0Y0        BUFG (Prop_bufg_I_O)         0.026     0.884 r  CLK_IBUF_BUFG_inst/O
                         net (fo=64, routed)          0.591     1.474    Clock_longo/CLK_IBUF_BUFG
    SLICE_X1Y15          FDRE                                         r  Clock_longo/counter_reg[16]/C
  -------------------------------------------------------------------    -------------------
    SLICE_X1Y15          FDRE (Prop_fdre_C_Q)         0.141     1.615 r  Clock_longo/counter_reg[16]/Q
                         net (fo=2, routed)           0.119     1.734    Clock_longo/counter_reg_n_0_[16]
    SLICE_X1Y15          CARRY4 (Prop_carry4_S[3]_O[3])
                                                      0.108     1.842 r  Clock_longo/counter0_carry__2/O[3]
                         net (fo=1, routed)           0.000     1.842    Clock_longo/counter0_carry__2_n_4
    SLICE_X1Y15          FDRE                                         r  Clock_longo/counter_reg[16]/D
  -------------------------------------------------------------------    -------------------

                         (clock sys_clk_pin rise edge)
                                                      0.000     0.000 r  
    W5                                                0.000     0.000 r  CLK (IN)
                         net (fo=0)                   0.000     0.000    CLK
    W5                   IBUF (Prop_ibuf_I_O)         0.414     0.414 r  CLK_IBUF_inst/O
                         net (fo=1, routed)           0.685     1.099    CLK_IBUF
    BUFGCTRL_X0Y0        BUFG (Prop_bufg_I_O)         0.029     1.128 r  CLK_IBUF_BUFG_inst/O
                         net (fo=64, routed)          0.860     1.987    Clock_longo/CLK_IBUF_BUFG
    SLICE_X1Y15          FDRE                                         r  Clock_longo/counter_reg[16]/C
                         clock pessimism             -0.513     1.474    
    SLICE_X1Y15          FDRE (Hold_fdre_C_D)         0.105     1.579    Clock_longo/counter_reg[16]
  -------------------------------------------------------------------
                         required time                         -1.579    
                         arrival time                           1.842    
  -------------------------------------------------------------------
                         slack                                  0.263    

Slack (MET) :             0.264ns  (arrival time - required time)
  Source:                 Clock_curto/counter_reg[12]/C
                            (rising edge-triggered cell FDRE clocked by sys_clk_pin  {rise@0.000ns fall@5.000ns period=10.000ns})
  Destination:            Clock_curto/counter_reg[12]/D
                            (rising edge-triggered cell FDRE clocked by sys_clk_pin  {rise@0.000ns fall@5.000ns period=10.000ns})
  Path Group:             sys_clk_pin
  Path Type:              Hold (Min at Fast Process Corner)
  Requirement:            0.000ns  (sys_clk_pin rise@0.000ns - sys_clk_pin rise@0.000ns)
  Data Path Delay:        0.369ns  (logic 0.249ns (67.424%)  route 0.120ns (32.576%))
  Logic Levels:           1  (CARRY4=1)
  Clock Path Skew:        0.000ns (DCD - SCD - CPR)
    Destination Clock Delay (DCD):    1.993ns
    Source Clock Delay      (SCD):    1.478ns
    Clock Pessimism Removal (CPR):    0.515ns

    Location             Delay type                Incr(ns)  Path(ns)    Netlist Resource(s)
  -------------------------------------------------------------------    -------------------
                         (clock sys_clk_pin rise edge)
                                                      0.000     0.000 r  
    W5                                                0.000     0.000 r  CLK (IN)
                         net (fo=0)                   0.000     0.000    CLK
    W5                   IBUF (Prop_ibuf_I_O)         0.226     0.226 r  CLK_IBUF_inst/O
                         net (fo=1, routed)           0.631     0.858    CLK_IBUF
    BUFGCTRL_X0Y0        BUFG (Prop_bufg_I_O)         0.026     0.884 r  CLK_IBUF_BUFG_inst/O
                         net (fo=64, routed)          0.595     1.478    Clock_curto/CLK_IBUF_BUFG
    SLICE_X1Y5           FDRE                                         r  Clock_curto/counter_reg[12]/C
  -------------------------------------------------------------------    -------------------
    SLICE_X1Y5           FDRE (Prop_fdre_C_Q)         0.141     1.619 r  Clock_curto/counter_reg[12]/Q
                         net (fo=2, routed)           0.120     1.739    Clock_curto/counter[12]
    SLICE_X1Y5           CARRY4 (Prop_carry4_S[3]_O[3])
                                                      0.108     1.847 r  Clock_curto/counter0_carry__1/O[3]
                         net (fo=1, routed)           0.000     1.847    Clock_curto/data0[12]
    SLICE_X1Y5           FDRE                                         r  Clock_curto/counter_reg[12]/D
  -------------------------------------------------------------------    -------------------

                         (clock sys_clk_pin rise edge)
                                                      0.000     0.000 r  
    W5                                                0.000     0.000 r  CLK (IN)
                         net (fo=0)                   0.000     0.000    CLK
    W5                   IBUF (Prop_ibuf_I_O)         0.414     0.414 r  CLK_IBUF_inst/O
                         net (fo=1, routed)           0.685     1.099    CLK_IBUF
    BUFGCTRL_X0Y0        BUFG (Prop_bufg_I_O)         0.029     1.128 r  CLK_IBUF_BUFG_inst/O
                         net (fo=64, routed)          0.866     1.993    Clock_curto/CLK_IBUF_BUFG
    SLICE_X1Y5           FDRE                                         r  Clock_curto/counter_reg[12]/C
                         clock pessimism             -0.515     1.478    
    SLICE_X1Y5           FDRE (Hold_fdre_C_D)         0.105     1.583    Clock_curto/counter_reg[12]
  -------------------------------------------------------------------
                         required time                         -1.583    
                         arrival time                           1.847    
  -------------------------------------------------------------------
                         slack                                  0.264    

Slack (MET) :             0.264ns  (arrival time - required time)
  Source:                 Clock_curto/counter_reg[16]/C
                            (rising edge-triggered cell FDRE clocked by sys_clk_pin  {rise@0.000ns fall@5.000ns period=10.000ns})
  Destination:            Clock_curto/counter_reg[16]/D
                            (rising edge-triggered cell FDRE clocked by sys_clk_pin  {rise@0.000ns fall@5.000ns period=10.000ns})
  Path Group:             sys_clk_pin
  Path Type:              Hold (Min at Fast Process Corner)
  Requirement:            0.000ns  (sys_clk_pin rise@0.000ns - sys_clk_pin rise@0.000ns)
  Data Path Delay:        0.369ns  (logic 0.249ns (67.424%)  route 0.120ns (32.576%))
  Logic Levels:           1  (CARRY4=1)
  Clock Path Skew:        0.000ns (DCD - SCD - CPR)
    Destination Clock Delay (DCD):    1.993ns
    Source Clock Delay      (SCD):    1.478ns
    Clock Pessimism Removal (CPR):    0.515ns

    Location             Delay type                Incr(ns)  Path(ns)    Netlist Resource(s)
  -------------------------------------------------------------------    -------------------
                         (clock sys_clk_pin rise edge)
                                                      0.000     0.000 r  
    W5                                                0.000     0.000 r  CLK (IN)
                         net (fo=0)                   0.000     0.000    CLK
    W5                   IBUF (Prop_ibuf_I_O)         0.226     0.226 r  CLK_IBUF_inst/O
                         net (fo=1, routed)           0.631     0.858    CLK_IBUF
    BUFGCTRL_X0Y0        BUFG (Prop_bufg_I_O)         0.026     0.884 r  CLK_IBUF_BUFG_inst/O
                         net (fo=64, routed)          0.595     1.478    Clock_curto/CLK_IBUF_BUFG
    SLICE_X1Y6           FDRE                                         r  Clock_curto/counter_reg[16]/C
  -------------------------------------------------------------------    -------------------
    SLICE_X1Y6           FDRE (Prop_fdre_C_Q)         0.141     1.619 r  Clock_curto/counter_reg[16]/Q
                         net (fo=2, routed)           0.120     1.739    Clock_curto/counter[16]
    SLICE_X1Y6           CARRY4 (Prop_carry4_S[3]_O[3])
                                                      0.108     1.847 r  Clock_curto/counter0_carry__2/O[3]
                         net (fo=1, routed)           0.000     1.847    Clock_curto/data0[16]
    SLICE_X1Y6           FDRE                                         r  Clock_curto/counter_reg[16]/D
  -------------------------------------------------------------------    -------------------

                         (clock sys_clk_pin rise edge)
                                                      0.000     0.000 r  
    W5                                                0.000     0.000 r  CLK (IN)
                         net (fo=0)                   0.000     0.000    CLK
    W5                   IBUF (Prop_ibuf_I_O)         0.414     0.414 r  CLK_IBUF_inst/O
                         net (fo=1, routed)           0.685     1.099    CLK_IBUF
    BUFGCTRL_X0Y0        BUFG (Prop_bufg_I_O)         0.029     1.128 r  CLK_IBUF_BUFG_inst/O
                         net (fo=64, routed)          0.866     1.993    Clock_curto/CLK_IBUF_BUFG
    SLICE_X1Y6           FDRE                                         r  Clock_curto/counter_reg[16]/C
                         clock pessimism             -0.515     1.478    
    SLICE_X1Y6           FDRE (Hold_fdre_C_D)         0.105     1.583    Clock_curto/counter_reg[16]
  -------------------------------------------------------------------
                         required time                         -1.583    
                         arrival time                           1.847    
  -------------------------------------------------------------------
                         slack                                  0.264    

Slack (MET) :             0.264ns  (arrival time - required time)
  Source:                 Clock_curto/counter_reg[20]/C
                            (rising edge-triggered cell FDRE clocked by sys_clk_pin  {rise@0.000ns fall@5.000ns period=10.000ns})
  Destination:            Clock_curto/counter_reg[20]/D
                            (rising edge-triggered cell FDRE clocked by sys_clk_pin  {rise@0.000ns fall@5.000ns period=10.000ns})
  Path Group:             sys_clk_pin
  Path Type:              Hold (Min at Fast Process Corner)
  Requirement:            0.000ns  (sys_clk_pin rise@0.000ns - sys_clk_pin rise@0.000ns)
  Data Path Delay:        0.369ns  (logic 0.249ns (67.424%)  route 0.120ns (32.576%))
  Logic Levels:           1  (CARRY4=1)
  Clock Path Skew:        0.000ns (DCD - SCD - CPR)
    Destination Clock Delay (DCD):    1.992ns
    Source Clock Delay      (SCD):    1.477ns
    Clock Pessimism Removal (CPR):    0.515ns

    Location             Delay type                Incr(ns)  Path(ns)    Netlist Resource(s)
  -------------------------------------------------------------------    -------------------
                         (clock sys_clk_pin rise edge)
                                                      0.000     0.000 r  
    W5                                                0.000     0.000 r  CLK (IN)
                         net (fo=0)                   0.000     0.000    CLK
    W5                   IBUF (Prop_ibuf_I_O)         0.226     0.226 r  CLK_IBUF_inst/O
                         net (fo=1, routed)           0.631     0.858    CLK_IBUF
    BUFGCTRL_X0Y0        BUFG (Prop_bufg_I_O)         0.026     0.884 r  CLK_IBUF_BUFG_inst/O
                         net (fo=64, routed)          0.594     1.477    Clock_curto/CLK_IBUF_BUFG
    SLICE_X1Y7           FDRE                                         r  Clock_curto/counter_reg[20]/C
  -------------------------------------------------------------------    -------------------
    SLICE_X1Y7           FDRE (Prop_fdre_C_Q)         0.141     1.618 r  Clock_curto/counter_reg[20]/Q
                         net (fo=2, routed)           0.120     1.738    Clock_curto/counter[20]
    SLICE_X1Y7           CARRY4 (Prop_carry4_S[3]_O[3])
                                                      0.108     1.846 r  Clock_curto/counter0_carry__3/O[3]
                         net (fo=1, routed)           0.000     1.846    Clock_curto/data0[20]
    SLICE_X1Y7           FDRE                                         r  Clock_curto/counter_reg[20]/D
  -------------------------------------------------------------------    -------------------

                         (clock sys_clk_pin rise edge)
                                                      0.000     0.000 r  
    W5                                                0.000     0.000 r  CLK (IN)
                         net (fo=0)                   0.000     0.000    CLK
    W5                   IBUF (Prop_ibuf_I_O)         0.414     0.414 r  CLK_IBUF_inst/O
                         net (fo=1, routed)           0.685     1.099    CLK_IBUF
    BUFGCTRL_X0Y0        BUFG (Prop_bufg_I_O)         0.029     1.128 r  CLK_IBUF_BUFG_inst/O
                         net (fo=64, routed)          0.865     1.992    Clock_curto/CLK_IBUF_BUFG
    SLICE_X1Y7           FDRE                                         r  Clock_curto/counter_reg[20]/C
                         clock pessimism             -0.515     1.477    
    SLICE_X1Y7           FDRE (Hold_fdre_C_D)         0.105     1.582    Clock_curto/counter_reg[20]
  -------------------------------------------------------------------
                         required time                         -1.582    
                         arrival time                           1.846    
  -------------------------------------------------------------------
                         slack                                  0.264    





Pulse Width Checks
--------------------------------------------------------------------------------------
Clock Name:         sys_clk_pin
Waveform(ns):       { 0.000 5.000 }
Period(ns):         10.000
Sources:            { CLK }

Check Type        Corner  Lib Pin  Reference Pin  Required(ns)  Actual(ns)  Slack(ns)  Location       Pin
Min Period        n/a     BUFG/I   n/a            2.155         10.000      7.845      BUFGCTRL_X0Y0  CLK_IBUF_BUFG_inst/I
Min Period        n/a     FDRE/C   n/a            1.000         10.000      9.000      SLICE_X0Y9     Clock_curto/Ts_reg/C
Min Period        n/a     FDRE/C   n/a            1.000         10.000      9.000      SLICE_X0Y3     Clock_curto/counter_reg[0]/C
Min Period        n/a     FDRE/C   n/a            1.000         10.000      9.000      SLICE_X1Y5     Clock_curto/counter_reg[10]/C
Min Period        n/a     FDRE/C   n/a            1.000         10.000      9.000      SLICE_X1Y5     Clock_curto/counter_reg[11]/C
Min Period        n/a     FDRE/C   n/a            1.000         10.000      9.000      SLICE_X1Y5     Clock_curto/counter_reg[12]/C
Min Period        n/a     FDRE/C   n/a            1.000         10.000      9.000      SLICE_X1Y6     Clock_curto/counter_reg[13]/C
Min Period        n/a     FDRE/C   n/a            1.000         10.000      9.000      SLICE_X1Y6     Clock_curto/counter_reg[14]/C
Min Period        n/a     FDRE/C   n/a            1.000         10.000      9.000      SLICE_X1Y6     Clock_curto/counter_reg[15]/C
Min Period        n/a     FDRE/C   n/a            1.000         10.000      9.000      SLICE_X1Y6     Clock_curto/counter_reg[16]/C
Low Pulse Width   Slow    FDRE/C   n/a            0.500         5.000       4.500      SLICE_X1Y7     Clock_curto/counter_reg[17]/C
Low Pulse Width   Slow    FDRE/C   n/a            0.500         5.000       4.500      SLICE_X1Y7     Clock_curto/counter_reg[18]/C
Low Pulse Width   Slow    FDRE/C   n/a            0.500         5.000       4.500      SLICE_X1Y7     Clock_curto/counter_reg[19]/C
Low Pulse Width   Slow    FDRE/C   n/a            0.500         5.000       4.500      SLICE_X1Y7     Clock_curto/counter_reg[20]/C
Low Pulse Width   Slow    FDRE/C   n/a            0.500         5.000       4.500      SLICE_X1Y8     Clock_curto/counter_reg[21]/C
Low Pulse Width   Slow    FDRE/C   n/a            0.500         5.000       4.500      SLICE_X1Y8     Clock_curto/counter_reg[22]/C
Low Pulse Width   Slow    FDRE/C   n/a            0.500         5.000       4.500      SLICE_X1Y8     Clock_curto/counter_reg[23]/C
Low Pulse Width   Slow    FDRE/C   n/a            0.500         5.000       4.500      SLICE_X1Y8     Clock_curto/counter_reg[24]/C
Low Pulse Width   Fast    FDRE/C   n/a            0.500         5.000       4.500      SLICE_X0Y13    Clock_longo/Tl_reg/C
Low Pulse Width   Fast    FDRE/C   n/a            0.500         5.000       4.500      SLICE_X0Y14    Clock_longo/counter_reg[0]/C
High Pulse Width  Slow    FDRE/C   n/a            0.500         5.000       4.500      SLICE_X0Y3     Clock_curto/counter_reg[0]/C
High Pulse Width  Slow    FDRE/C   n/a            0.500         5.000       4.500      SLICE_X1Y5     Clock_curto/counter_reg[10]/C
High Pulse Width  Slow    FDRE/C   n/a            0.500         5.000       4.500      SLICE_X1Y5     Clock_curto/counter_reg[11]/C
High Pulse Width  Slow    FDRE/C   n/a            0.500         5.000       4.500      SLICE_X1Y5     Clock_curto/counter_reg[12]/C
High Pulse Width  Slow    FDRE/C   n/a            0.500         5.000       4.500      SLICE_X1Y6     Clock_curto/counter_reg[13]/C
High Pulse Width  Slow    FDRE/C   n/a            0.500         5.000       4.500      SLICE_X1Y6     Clock_curto/counter_reg[14]/C
High Pulse Width  Slow    FDRE/C   n/a            0.500         5.000       4.500      SLICE_X1Y6     Clock_curto/counter_reg[15]/C
High Pulse Width  Slow    FDRE/C   n/a            0.500         5.000       4.500      SLICE_X1Y6     Clock_curto/counter_reg[16]/C
High Pulse Width  Slow    FDRE/C   n/a            0.500         5.000       4.500      SLICE_X1Y3     Clock_curto/counter_reg[1]/C
High Pulse Width  Slow    FDRE/C   n/a            0.500         5.000       4.500      SLICE_X1Y3     Clock_curto/counter_reg[2]/C



