Copyright 1986-2017 Xilinx, Inc. All Rights Reserved.
------------------------------------------------------------------------------------------------
| Tool Version : Vivado v.2017.4 (win64) Build 2086221 Fri Dec 15 20:55:39 MST 2017
| Date         : Sun Sep 25 17:52:57 2022
| Host         : DESKTOP-3I9R82P running 64-bit major release  (build 9200)
| Command      : report_control_sets -verbose -file controladorSemaforo_control_sets_placed.rpt
| Design       : controladorSemaforo
| Device       : xc7a35t
------------------------------------------------------------------------------------------------

Control Set Information

Table of Contents
-----------------
1. Summary
2. Flip-Flop Distribution
3. Detailed Control Set Information

1. Summary
----------

+----------------------------------------------------------+-------+
|                          Status                          | Count |
+----------------------------------------------------------+-------+
| Number of unique control sets                            |     4 |
| Unused register locations in slices containing registers |     8 |
+----------------------------------------------------------+-------+


2. Flip-Flop Distribution
-------------------------

+--------------+-----------------------+------------------------+-----------------+--------------+
| Clock Enable | Synchronous Set/Reset | Asynchronous Set/Reset | Total Registers | Total Slices |
+--------------+-----------------------+------------------------+-----------------+--------------+
| No           | No                    | No                     |               3 |            2 |
| No           | No                    | Yes                    |               0 |            0 |
| No           | Yes                   | No                     |              31 |            8 |
| Yes          | No                    | No                     |               0 |            0 |
| Yes          | No                    | Yes                    |               0 |            0 |
| Yes          | Yes                   | No                     |              62 |           16 |
+--------------+-----------------------+------------------------+-----------------+--------------+


3. Detailed Control Set Information
-----------------------------------

+----------------+-----------------------+----------------------+------------------+----------------+
|  Clock Signal  |     Enable Signal     |   Set/Reset Signal   | Slice Load Count | Bel Load Count |
+----------------+-----------------------+----------------------+------------------+----------------+
|  CLK_IBUF_BUFG |                       |                      |                2 |              3 |
|  CLK_IBUF_BUFG |                       | MaquinaEstados/sRst  |                8 |             31 |
|  CLK_IBUF_BUFG | Clock_longo/Tl4       | Clock_longo/counter2 |                8 |             31 |
|  CLK_IBUF_BUFG | Clock_longo/newClock1 | Clock_longo/counter2 |                8 |             31 |
+----------------+-----------------------+----------------------+------------------+----------------+


+--------+-----------------------+
| Fanout | Number of ControlSets |
+--------+-----------------------+
| 3      |                     1 |
| 16+    |                     3 |
+--------+-----------------------+


